  mainExample.cpp
  CollisionTestState.cpp
C:\Users\Matias\Desktop\clone\obligatorio1-compgraf\OpenGL-basico\GameObject.h(46,1): error C2059: syntax error: '<<'
C:\Users\Matias\Desktop\clone\obligatorio1-compgraf\OpenGL-basico\GameObject.h(48,3): error C2334: unexpected token(s) preceding '{'; skipping apparent function body
C:\Users\Matias\Desktop\clone\obligatorio1-compgraf\OpenGL-basico\GameObject.h(62,1): error C2059: syntax error: '=='
C:\Users\Matias\Desktop\clone\obligatorio1-compgraf\OpenGL-basico\GameObject.h(63,65): error C2238: unexpected token(s) preceding ';'
C:\Users\Matias\Desktop\clone\obligatorio1-compgraf\OpenGL-basico\GameObject.h(66,11): error C2086: 'Vector3 GameObject::pos': redefinition
C:\Users\Matias\Desktop\clone\obligatorio1-compgraf\OpenGL-basico\GameObject.h(59): message : see declaration of 'GameObject::pos'
C:\Users\Matias\Desktop\clone\obligatorio1-compgraf\OpenGL-basico\GameObject.h(67,11): error C2086: 'Vector3 GameObject::vel': redefinition
C:\Users\Matias\Desktop\clone\obligatorio1-compgraf\OpenGL-basico\GameObject.h(60): message : see declaration of 'GameObject::vel'
C:\Users\Matias\Desktop\clone\obligatorio1-compgraf\OpenGL-basico\GameObject.h(74,1): error C2059: syntax error: '>>'
C:\Users\Matias\Desktop\clone\obligatorio1-compgraf\OpenGL-basico\GameObject.h(75,1): error C2143: syntax error: missing ';' before '}'
C:\Users\Matias\Desktop\clone\obligatorio1-compgraf\OpenGL-basico\GameObject.h(75,1): error C2238: unexpected token(s) preceding ';'
C:\Users\Matias\Desktop\clone\obligatorio1-compgraf\OpenGL-basico\GameObject.h(17,44): warning C4244: 'argument': conversion from 'double' to 'float', possible loss of data
C:\Users\Matias\Desktop\clone\obligatorio1-compgraf\OpenGL-basico\GameObject.h(18,42): warning C4244: 'argument': conversion from 'double' to 'float', possible loss of data
C:\Users\Matias\Desktop\clone\obligatorio1-compgraf\OpenGL-basico\CollisionTestState.cpp(21,36): warning C4305: 'argument': truncation from 'double' to 'float'
C:\Users\Matias\Desktop\clone\obligatorio1-compgraf\OpenGL-basico\CollisionTestState.cpp(77,6): error C2039: 'setCurrentCollisions': is not a member of 'GameObject'
C:\Users\Matias\Desktop\clone\obligatorio1-compgraf\OpenGL-basico\GameObject.h(6): message : see declaration of 'GameObject'
  CubeObject.cpp
C:\Users\Matias\Desktop\clone\obligatorio1-compgraf\OpenGL-basico\GameObject.h(46,1): error C2059: syntax error: '<<'
C:\Users\Matias\Desktop\clone\obligatorio1-compgraf\OpenGL-basico\GameObject.h(48,3): error C2334: unexpected token(s) preceding '{'; skipping apparent function body
C:\Users\Matias\Desktop\clone\obligatorio1-compgraf\OpenGL-basico\GameObject.h(62,1): error C2059: syntax error: '=='
C:\Users\Matias\Desktop\clone\obligatorio1-compgraf\OpenGL-basico\GameObject.h(63,65): error C2238: unexpected token(s) preceding ';'
C:\Users\Matias\Desktop\clone\obligatorio1-compgraf\OpenGL-basico\GameObject.h(66,11): error C2086: 'Vector3 GameObject::pos': redefinition
C:\Users\Matias\Desktop\clone\obligatorio1-compgraf\OpenGL-basico\GameObject.h(59): message : see declaration of 'GameObject::pos'
C:\Users\Matias\Desktop\clone\obligatorio1-compgraf\OpenGL-basico\GameObject.h(67,11): error C2086: 'Vector3 GameObject::vel': redefinition
C:\Users\Matias\Desktop\clone\obligatorio1-compgraf\OpenGL-basico\GameObject.h(60): message : see declaration of 'GameObject::vel'
C:\Users\Matias\Desktop\clone\obligatorio1-compgraf\OpenGL-basico\GameObject.h(74,1): error C2059: syntax error: '>>'
C:\Users\Matias\Desktop\clone\obligatorio1-compgraf\OpenGL-basico\GameObject.h(75,1): error C2143: syntax error: missing ';' before '}'
C:\Users\Matias\Desktop\clone\obligatorio1-compgraf\OpenGL-basico\GameObject.h(75,1): error C2238: unexpected token(s) preceding ';'
C:\Users\Matias\Desktop\clone\obligatorio1-compgraf\OpenGL-basico\GameObject.h(17,44): warning C4244: 'argument': conversion from 'double' to 'float', possible loss of data
C:\Users\Matias\Desktop\clone\obligatorio1-compgraf\OpenGL-basico\GameObject.h(18,42): warning C4244: 'argument': conversion from 'double' to 'float', possible loss of data
C:\Users\Matias\Desktop\clone\obligatorio1-compgraf\OpenGL-basico\CubeObject.cpp(20,15): error C2248: 'GameObject::pos': cannot access private member declared in class 'GameObject'
C:\Users\Matias\Desktop\clone\obligatorio1-compgraf\OpenGL-basico\GameObject.h(59): message : see declaration of 'GameObject::pos'
C:\Users\Matias\Desktop\clone\obligatorio1-compgraf\OpenGL-basico\GameObject.h(6): message : see declaration of 'GameObject'
C:\Users\Matias\Desktop\clone\obligatorio1-compgraf\OpenGL-basico\CubeObject.cpp(20,22): error C2248: 'GameObject::pos': cannot access private member declared in class 'GameObject'
C:\Users\Matias\Desktop\clone\obligatorio1-compgraf\OpenGL-basico\GameObject.h(59): message : see declaration of 'GameObject::pos'
C:\Users\Matias\Desktop\clone\obligatorio1-compgraf\OpenGL-basico\GameObject.h(6): message : see declaration of 'GameObject'
C:\Users\Matias\Desktop\clone\obligatorio1-compgraf\OpenGL-basico\CubeObject.cpp(20,29): error C2248: 'GameObject::pos': cannot access private member declared in class 'GameObject'
C:\Users\Matias\Desktop\clone\obligatorio1-compgraf\OpenGL-basico\GameObject.h(59): message : see declaration of 'GameObject::pos'
C:\Users\Matias\Desktop\clone\obligatorio1-compgraf\OpenGL-basico\GameObject.h(6): message : see declaration of 'GameObject'
  GameObject.cpp
C:\Users\Matias\Desktop\clone\obligatorio1-compgraf\OpenGL-basico\GameObject.h(46,1): error C2059: syntax error: '<<'
C:\Users\Matias\Desktop\clone\obligatorio1-compgraf\OpenGL-basico\GameObject.h(48,3): error C2334: unexpected token(s) preceding '{'; skipping apparent function body
C:\Users\Matias\Desktop\clone\obligatorio1-compgraf\OpenGL-basico\GameObject.h(62,1): error C2059: syntax error: '=='
C:\Users\Matias\Desktop\clone\obligatorio1-compgraf\OpenGL-basico\GameObject.h(63,65): error C2238: unexpected token(s) preceding ';'
C:\Users\Matias\Desktop\clone\obligatorio1-compgraf\OpenGL-basico\GameObject.h(66,11): error C2086: 'Vector3 GameObject::pos': redefinition
C:\Users\Matias\Desktop\clone\obligatorio1-compgraf\OpenGL-basico\GameObject.h(59): message : see declaration of 'GameObject::pos'
C:\Users\Matias\Desktop\clone\obligatorio1-compgraf\OpenGL-basico\GameObject.h(67,11): error C2086: 'Vector3 GameObject::vel': redefinition
C:\Users\Matias\Desktop\clone\obligatorio1-compgraf\OpenGL-basico\GameObject.h(60): message : see declaration of 'GameObject::vel'
C:\Users\Matias\Desktop\clone\obligatorio1-compgraf\OpenGL-basico\GameObject.h(74,1): error C2059: syntax error: '>>'
C:\Users\Matias\Desktop\clone\obligatorio1-compgraf\OpenGL-basico\GameObject.h(75,1): error C2143: syntax error: missing ';' before '}'
C:\Users\Matias\Desktop\clone\obligatorio1-compgraf\OpenGL-basico\GameObject.h(75,1): error C2238: unexpected token(s) preceding ';'
C:\Users\Matias\Desktop\clone\obligatorio1-compgraf\OpenGL-basico\GameObject.h(17,44): warning C4244: 'argument': conversion from 'double' to 'float', possible loss of data
C:\Users\Matias\Desktop\clone\obligatorio1-compgraf\OpenGL-basico\GameObject.h(18,42): warning C4244: 'argument': conversion from 'double' to 'float', possible loss of data
C:\Users\Matias\Desktop\clone\obligatorio1-compgraf\OpenGL-basico\GameObject.cpp(10,18): error C2039: 'setCurrentCollisions': is not a member of 'GameObject'
C:\Users\Matias\Desktop\clone\obligatorio1-compgraf\OpenGL-basico\GameObject.h(6): message : see declaration of 'GameObject'
C:\Users\Matias\Desktop\clone\obligatorio1-compgraf\OpenGL-basico\GameObject.cpp(12,5): error C2065: 'currentCollisions': undeclared identifier
  Game.cpp
C:\Users\Matias\Desktop\clone\obligatorio1-compgraf\OpenGL-basico\GameObject.h(46,1): error C2059: syntax error: '<<'
C:\Users\Matias\Desktop\clone\obligatorio1-compgraf\OpenGL-basico\GameObject.h(48,3): error C2334: unexpected token(s) preceding '{'; skipping apparent function body
C:\Users\Matias\Desktop\clone\obligatorio1-compgraf\OpenGL-basico\GameObject.h(62,1): error C2059: syntax error: '=='
C:\Users\Matias\Desktop\clone\obligatorio1-compgraf\OpenGL-basico\GameObject.h(63,65): error C2238: unexpected token(s) preceding ';'
C:\Users\Matias\Desktop\clone\obligatorio1-compgraf\OpenGL-basico\GameObject.h(66,11): error C2086: 'Vector3 GameObject::pos': redefinition
C:\Users\Matias\Desktop\clone\obligatorio1-compgraf\OpenGL-basico\GameObject.h(59): message : see declaration of 'GameObject::pos'
C:\Users\Matias\Desktop\clone\obligatorio1-compgraf\OpenGL-basico\GameObject.h(67,11): error C2086: 'Vector3 GameObject::vel': redefinition
C:\Users\Matias\Desktop\clone\obligatorio1-compgraf\OpenGL-basico\GameObject.h(60): message : see declaration of 'GameObject::vel'
C:\Users\Matias\Desktop\clone\obligatorio1-compgraf\OpenGL-basico\GameObject.h(74,1): error C2059: syntax error: '>>'
C:\Users\Matias\Desktop\clone\obligatorio1-compgraf\OpenGL-basico\GameObject.h(75,1): error C2143: syntax error: missing ';' before '}'
C:\Users\Matias\Desktop\clone\obligatorio1-compgraf\OpenGL-basico\GameObject.h(75,1): error C2238: unexpected token(s) preceding ';'
C:\Users\Matias\Desktop\clone\obligatorio1-compgraf\OpenGL-basico\GameObject.h(17,44): warning C4244: 'argument': conversion from 'double' to 'float', possible loss of data
C:\Users\Matias\Desktop\clone\obligatorio1-compgraf\OpenGL-basico\GameObject.h(18,42): warning C4244: 'argument': conversion from 'double' to 'float', possible loss of data
C:\Users\Matias\Desktop\clone\obligatorio1-compgraf\OpenGL-basico\Game.cpp(57,49): warning C4305: 'initializing': truncation from 'double' to 'GLfloat'
  LevelState.cpp
C:\Users\Matias\Desktop\clone\obligatorio1-compgraf\OpenGL-basico\GameObject.h(46,1): error C2059: syntax error: '<<'
C:\Users\Matias\Desktop\clone\obligatorio1-compgraf\OpenGL-basico\GameObject.h(48,3): error C2334: unexpected token(s) preceding '{'; skipping apparent function body
C:\Users\Matias\Desktop\clone\obligatorio1-compgraf\OpenGL-basico\GameObject.h(62,1): error C2059: syntax error: '=='
C:\Users\Matias\Desktop\clone\obligatorio1-compgraf\OpenGL-basico\GameObject.h(63,65): error C2238: unexpected token(s) preceding ';'
C:\Users\Matias\Desktop\clone\obligatorio1-compgraf\OpenGL-basico\GameObject.h(66,11): error C2086: 'Vector3 GameObject::pos': redefinition
C:\Users\Matias\Desktop\clone\obligatorio1-compgraf\OpenGL-basico\GameObject.h(59): message : see declaration of 'GameObject::pos'
C:\Users\Matias\Desktop\clone\obligatorio1-compgraf\OpenGL-basico\GameObject.h(67,11): error C2086: 'Vector3 GameObject::vel': redefinition
C:\Users\Matias\Desktop\clone\obligatorio1-compgraf\OpenGL-basico\GameObject.h(60): message : see declaration of 'GameObject::vel'
C:\Users\Matias\Desktop\clone\obligatorio1-compgraf\OpenGL-basico\GameObject.h(74,1): error C2059: syntax error: '>>'
C:\Users\Matias\Desktop\clone\obligatorio1-compgraf\OpenGL-basico\GameObject.h(75,1): error C2143: syntax error: missing ';' before '}'
C:\Users\Matias\Desktop\clone\obligatorio1-compgraf\OpenGL-basico\GameObject.h(75,1): error C2238: unexpected token(s) preceding ';'
C:\Users\Matias\Desktop\clone\obligatorio1-compgraf\OpenGL-basico\GameObject.h(17,44): warning C4244: 'argument': conversion from 'double' to 'float', possible loss of data
C:\Users\Matias\Desktop\clone\obligatorio1-compgraf\OpenGL-basico\GameObject.h(18,42): warning C4244: 'argument': conversion from 'double' to 'float', possible loss of data
C:\Users\Matias\Desktop\clone\obligatorio1-compgraf\OpenGL-basico\LevelState.cpp(27,20): warning C4018: '<': signed/unsigned mismatch
C:\Users\Matias\Desktop\clone\obligatorio1-compgraf\OpenGL-basico\LevelState.cpp(29,21): warning C4018: '<': signed/unsigned mismatch
C:\Users\Matias\Desktop\clone\obligatorio1-compgraf\OpenGL-basico\LevelState.cpp(40,17): warning C4244: 'initializing': conversion from 'float' to 'int', possible loss of data
C:\Users\Matias\Desktop\clone\obligatorio1-compgraf\OpenGL-basico\LevelState.cpp(46,3): error C2065: 'cout': undeclared identifier
C:\Users\Matias\Desktop\clone\obligatorio1-compgraf\OpenGL-basico\LevelState.cpp(46,20): error C2065: 'endl': undeclared identifier
C:\Users\Matias\Desktop\clone\obligatorio1-compgraf\OpenGL-basico\LevelState.cpp(52,20): warning C4018: '<': signed/unsigned mismatch
C:\Users\Matias\Desktop\clone\obligatorio1-compgraf\OpenGL-basico\LevelState.cpp(54,21): warning C4018: '<': signed/unsigned mismatch
C:\Users\Matias\Desktop\clone\obligatorio1-compgraf\OpenGL-basico\LevelState.cpp(68,20): warning C4018: '<': signed/unsigned mismatch
C:\Users\Matias\Desktop\clone\obligatorio1-compgraf\OpenGL-basico\LevelState.cpp(70,21): warning C4018: '<': signed/unsigned mismatch
C:\Users\Matias\Desktop\clone\obligatorio1-compgraf\OpenGL-basico\LevelState.cpp(84,20): warning C4018: '<': signed/unsigned mismatch
C:\Users\Matias\Desktop\clone\obligatorio1-compgraf\OpenGL-basico\LevelState.cpp(87,21): warning C4018: '<': signed/unsigned mismatch
  GameState.cpp
  Model.cpp
C:\Users\Matias\Desktop\clone\obligatorio1-compgraf\OpenGL-basico\Model.cpp(134,15): warning C4244: 'argument': conversion from 'double' to 'GLfloat', possible loss of data
  MovementTestState.cpp
C:\Users\Matias\Desktop\clone\obligatorio1-compgraf\OpenGL-basico\GameObject.h(46,1): error C2059: syntax error: '<<'
C:\Users\Matias\Desktop\clone\obligatorio1-compgraf\OpenGL-basico\GameObject.h(48,3): error C2334: unexpected token(s) preceding '{'; skipping apparent function body
C:\Users\Matias\Desktop\clone\obligatorio1-compgraf\OpenGL-basico\GameObject.h(62,1): error C2059: syntax error: '=='
C:\Users\Matias\Desktop\clone\obligatorio1-compgraf\OpenGL-basico\GameObject.h(63,65): error C2238: unexpected token(s) preceding ';'
C:\Users\Matias\Desktop\clone\obligatorio1-compgraf\OpenGL-basico\GameObject.h(66,11): error C2086: 'Vector3 GameObject::pos': redefinition
C:\Users\Matias\Desktop\clone\obligatorio1-compgraf\OpenGL-basico\GameObject.h(59): message : see declaration of 'GameObject::pos'
C:\Users\Matias\Desktop\clone\obligatorio1-compgraf\OpenGL-basico\GameObject.h(67,11): error C2086: 'Vector3 GameObject::vel': redefinition
C:\Users\Matias\Desktop\clone\obligatorio1-compgraf\OpenGL-basico\GameObject.h(60): message : see declaration of 'GameObject::vel'
C:\Users\Matias\Desktop\clone\obligatorio1-compgraf\OpenGL-basico\GameObject.h(74,1): error C2059: syntax error: '>>'
C:\Users\Matias\Desktop\clone\obligatorio1-compgraf\OpenGL-basico\GameObject.h(75,1): error C2143: syntax error: missing ';' before '}'
C:\Users\Matias\Desktop\clone\obligatorio1-compgraf\OpenGL-basico\GameObject.h(75,1): error C2238: unexpected token(s) preceding ';'
C:\Users\Matias\Desktop\clone\obligatorio1-compgraf\OpenGL-basico\GameObject.h(17,44): warning C4244: 'argument': conversion from 'double' to 'float', possible loss of data
C:\Users\Matias\Desktop\clone\obligatorio1-compgraf\OpenGL-basico\GameObject.h(18,42): warning C4244: 'argument': conversion from 'double' to 'float', possible loss of data
  Player.cpp
C:\Users\Matias\Desktop\clone\obligatorio1-compgraf\OpenGL-basico\GameObject.h(46,1): error C2059: syntax error: '<<'
C:\Users\Matias\Desktop\clone\obligatorio1-compgraf\OpenGL-basico\GameObject.h(48,3): error C2334: unexpected token(s) preceding '{'; skipping apparent function body
C:\Users\Matias\Desktop\clone\obligatorio1-compgraf\OpenGL-basico\GameObject.h(62,1): error C2059: syntax error: '=='
C:\Users\Matias\Desktop\clone\obligatorio1-compgraf\OpenGL-basico\GameObject.h(63,65): error C2238: unexpected token(s) preceding ';'
C:\Users\Matias\Desktop\clone\obligatorio1-compgraf\OpenGL-basico\GameObject.h(66,11): error C2086: 'Vector3 GameObject::pos': redefinition
C:\Users\Matias\Desktop\clone\obligatorio1-compgraf\OpenGL-basico\GameObject.h(59): message : see declaration of 'GameObject::pos'
C:\Users\Matias\Desktop\clone\obligatorio1-compgraf\OpenGL-basico\GameObject.h(67,11): error C2086: 'Vector3 GameObject::vel': redefinition
C:\Users\Matias\Desktop\clone\obligatorio1-compgraf\OpenGL-basico\GameObject.h(60): message : see declaration of 'GameObject::vel'
C:\Users\Matias\Desktop\clone\obligatorio1-compgraf\OpenGL-basico\GameObject.h(74,1): error C2059: syntax error: '>>'
C:\Users\Matias\Desktop\clone\obligatorio1-compgraf\OpenGL-basico\GameObject.h(75,1): error C2143: syntax error: missing ';' before '}'
C:\Users\Matias\Desktop\clone\obligatorio1-compgraf\OpenGL-basico\GameObject.h(75,1): error C2238: unexpected token(s) preceding ';'
C:\Users\Matias\Desktop\clone\obligatorio1-compgraf\OpenGL-basico\GameObject.h(17,44): warning C4244: 'argument': conversion from 'double' to 'float', possible loss of data
C:\Users\Matias\Desktop\clone\obligatorio1-compgraf\OpenGL-basico\GameObject.h(18,42): warning C4244: 'argument': conversion from 'double' to 'float', possible loss of data
C:\Users\Matias\Desktop\clone\obligatorio1-compgraf\OpenGL-basico\Player.cpp(13,2): error C3861: 'setAccel': identifier not found
C:\Users\Matias\Desktop\clone\obligatorio1-compgraf\OpenGL-basico\Player.cpp(152,8): warning C4244: 'initializing': conversion from 'float' to 'int', possible loss of data
C:\Users\Matias\Desktop\clone\obligatorio1-compgraf\OpenGL-basico\Player.cpp(153,8): warning C4244: 'initializing': conversion from 'float' to 'int', possible loss of data
C:\Users\Matias\Desktop\clone\obligatorio1-compgraf\OpenGL-basico\Player.cpp(155,26): warning C4018: '>=': signed/unsigned mismatch
C:\Users\Matias\Desktop\clone\obligatorio1-compgraf\OpenGL-basico\Player.cpp(155,67): warning C4018: '>=': signed/unsigned mismatch
  Texture.cpp
  TreeObject.cpp
C:\Users\Matias\Desktop\clone\obligatorio1-compgraf\OpenGL-basico\GameObject.h(46,1): error C2059: syntax error: '<<'
C:\Users\Matias\Desktop\clone\obligatorio1-compgraf\OpenGL-basico\GameObject.h(48,3): error C2334: unexpected token(s) preceding '{'; skipping apparent function body
C:\Users\Matias\Desktop\clone\obligatorio1-compgraf\OpenGL-basico\GameObject.h(62,1): error C2059: syntax error: '=='
C:\Users\Matias\Desktop\clone\obligatorio1-compgraf\OpenGL-basico\GameObject.h(63,65): error C2238: unexpected token(s) preceding ';'
C:\Users\Matias\Desktop\clone\obligatorio1-compgraf\OpenGL-basico\GameObject.h(66,11): error C2086: 'Vector3 GameObject::pos': redefinition
C:\Users\Matias\Desktop\clone\obligatorio1-compgraf\OpenGL-basico\GameObject.h(59): message : see declaration of 'GameObject::pos'
C:\Users\Matias\Desktop\clone\obligatorio1-compgraf\OpenGL-basico\GameObject.h(67,11): error C2086: 'Vector3 GameObject::vel': redefinition
C:\Users\Matias\Desktop\clone\obligatorio1-compgraf\OpenGL-basico\GameObject.h(60): message : see declaration of 'GameObject::vel'
C:\Users\Matias\Desktop\clone\obligatorio1-compgraf\OpenGL-basico\GameObject.h(74,1): error C2059: syntax error: '>>'
C:\Users\Matias\Desktop\clone\obligatorio1-compgraf\OpenGL-basico\GameObject.h(75,1): error C2143: syntax error: missing ';' before '}'
C:\Users\Matias\Desktop\clone\obligatorio1-compgraf\OpenGL-basico\GameObject.h(75,1): error C2238: unexpected token(s) preceding ';'
C:\Users\Matias\Desktop\clone\obligatorio1-compgraf\OpenGL-basico\GameObject.h(17,44): warning C4244: 'argument': conversion from 'double' to 'float', possible loss of data
C:\Users\Matias\Desktop\clone\obligatorio1-compgraf\OpenGL-basico\GameObject.h(18,42): warning C4244: 'argument': conversion from 'double' to 'float', possible loss of data
C:\Users\Matias\Desktop\clone\obligatorio1-compgraf\OpenGL-basico\TreeObject.cpp(20,15): error C2248: 'GameObject::pos': cannot access private member declared in class 'GameObject'
C:\Users\Matias\Desktop\clone\obligatorio1-compgraf\OpenGL-basico\GameObject.h(59): message : see declaration of 'GameObject::pos'
C:\Users\Matias\Desktop\clone\obligatorio1-compgraf\OpenGL-basico\GameObject.h(6): message : see declaration of 'GameObject'
C:\Users\Matias\Desktop\clone\obligatorio1-compgraf\OpenGL-basico\TreeObject.cpp(20,22): error C2248: 'GameObject::pos': cannot access private member declared in class 'GameObject'
C:\Users\Matias\Desktop\clone\obligatorio1-compgraf\OpenGL-basico\GameObject.h(59): message : see declaration of 'GameObject::pos'
C:\Users\Matias\Desktop\clone\obligatorio1-compgraf\OpenGL-basico\GameObject.h(6): message : see declaration of 'GameObject'
C:\Users\Matias\Desktop\clone\obligatorio1-compgraf\OpenGL-basico\TreeObject.cpp(20,29): error C2248: 'GameObject::pos': cannot access private member declared in class 'GameObject'
C:\Users\Matias\Desktop\clone\obligatorio1-compgraf\OpenGL-basico\GameObject.h(59): message : see declaration of 'GameObject::pos'
C:\Users\Matias\Desktop\clone\obligatorio1-compgraf\OpenGL-basico\GameObject.h(6): message : see declaration of 'GameObject'
  Generating Code...
