c:\users\mandr\documents\obligatorio1-compgraf\opengl-basico\x64\debug\vc142.pdb
c:\users\mandr\documents\obligatorio1-compgraf\opengl-basico\x64\debug\texture.obj
c:\users\mandr\documents\obligatorio1-compgraf\opengl-basico\x64\debug\gamestate.obj
c:\users\mandr\documents\obligatorio1-compgraf\opengl-basico\x64\debug\mainexample.obj
c:\users\mandr\documents\obligatorio1-compgraf\opengl-basico\x64\debug\treeobject.obj
c:\users\mandr\documents\obligatorio1-compgraf\opengl-basico\x64\debug\tile.obj
c:\users\mandr\documents\obligatorio1-compgraf\opengl-basico\x64\debug\movementteststate.obj
c:\users\mandr\documents\obligatorio1-compgraf\opengl-basico\x64\debug\model.obj
c:\users\mandr\documents\obligatorio1-compgraf\opengl-basico\x64\debug\game.obj
c:\users\mandr\documents\obligatorio1-compgraf\opengl-basico\x64\debug\gameobject.obj
c:\users\mandr\documents\obligatorio1-compgraf\opengl-basico\x64\debug\cubeobject.obj
c:\users\mandr\documents\obligatorio1-compgraf\opengl-basico\x64\debug\levelstate.obj
c:\users\mandr\documents\obligatorio1-compgraf\opengl-basico\x64\debug\player.obj
c:\users\mandr\documents\obligatorio1-compgraf\x64\debug\opengl-basico.pdb
c:\users\mandr\documents\obligatorio1-compgraf\opengl-basico\x64\debug\opengl-basico.tlog\cl.command.1.tlog
c:\users\mandr\documents\obligatorio1-compgraf\opengl-basico\x64\debug\opengl-basico.tlog\cl.read.1.tlog
c:\users\mandr\documents\obligatorio1-compgraf\opengl-basico\x64\debug\opengl-basico.tlog\cl.write.1.tlog
c:\users\mandr\documents\obligatorio1-compgraf\opengl-basico\x64\debug\opengl-basico.tlog\link-cvtres.read.1.tlog
c:\users\mandr\documents\obligatorio1-compgraf\opengl-basico\x64\debug\opengl-basico.tlog\link-cvtres.write.1.tlog
c:\users\mandr\documents\obligatorio1-compgraf\opengl-basico\x64\debug\opengl-basico.tlog\link-rc.read.1.tlog
c:\users\mandr\documents\obligatorio1-compgraf\opengl-basico\x64\debug\opengl-basico.tlog\link-rc.write.1.tlog
c:\users\mandr\documents\obligatorio1-compgraf\opengl-basico\x64\debug\opengl-basico.tlog\link.command.1.tlog
c:\users\mandr\documents\obligatorio1-compgraf\opengl-basico\x64\debug\opengl-basico.tlog\link.read.1.tlog
c:\users\mandr\documents\obligatorio1-compgraf\opengl-basico\x64\debug\opengl-basico.tlog\link.write.1.tlog
